Determining if the pthread_create exist failed with the following output:
Change Dir: /home/sw/homo_geo/build/CMakeFiles/CMakeTmp

Run Build Command:"/usr/bin/make" "cmTC_f8cbc/fast"
/usr/bin/make -f CMakeFiles/cmTC_f8cbc.dir/build.make CMakeFiles/cmTC_f8cbc.dir/build
make[1]: Entering directory '/home/sw/homo_geo/build/CMakeFiles/CMakeTmp'
Building C object CMakeFiles/cmTC_f8cbc.dir/CheckSymbolExists.c.o
/usr/bin/cc    -o CMakeFiles/cmTC_f8cbc.dir/CheckSymbolExists.c.o   -c /home/sw/homo_geo/build/CMakeFiles/CMakeTmp/CheckSymbolExists.c
Linking C executable cmTC_f8cbc
/usr/bin/cmake -E cmake_link_script CMakeFiles/cmTC_f8cbc.dir/link.txt --verbose=1
/usr/bin/cc      -rdynamic CMakeFiles/cmTC_f8cbc.dir/CheckSymbolExists.c.o  -o cmTC_f8cbc 
CMakeFiles/cmTC_f8cbc.dir/CheckSymbolExists.c.o: In function `main':
CheckSymbolExists.c:(.text+0x1b): undefined reference to `pthread_create'
collect2: error: ld returned 1 exit status
CMakeFiles/cmTC_f8cbc.dir/build.make:97: recipe for target 'cmTC_f8cbc' failed
make[1]: *** [cmTC_f8cbc] Error 1
make[1]: Leaving directory '/home/sw/homo_geo/build/CMakeFiles/CMakeTmp'
Makefile:126: recipe for target 'cmTC_f8cbc/fast' failed
make: *** [cmTC_f8cbc/fast] Error 2

File /home/sw/homo_geo/build/CMakeFiles/CMakeTmp/CheckSymbolExists.c:
/* */
#include <pthread.h>

int main(int argc, char** argv)
{
  (void)argv;
#ifndef pthread_create
  return ((int*)(&pthread_create))[argc];
#else
  (void)argc;
  return 0;
#endif
}

Determining if the function pthread_create exists in the pthreads failed with the following output:
Change Dir: /home/sw/homo_geo/build/CMakeFiles/CMakeTmp

Run Build Command:"/usr/bin/make" "cmTC_804ba/fast"
/usr/bin/make -f CMakeFiles/cmTC_804ba.dir/build.make CMakeFiles/cmTC_804ba.dir/build
make[1]: Entering directory '/home/sw/homo_geo/build/CMakeFiles/CMakeTmp'
Building C object CMakeFiles/cmTC_804ba.dir/CheckFunctionExists.c.o
/usr/bin/cc   -DCHECK_FUNCTION_EXISTS=pthread_create   -o CMakeFiles/cmTC_804ba.dir/CheckFunctionExists.c.o   -c /usr/share/cmake-3.10/Modules/CheckFunctionExists.c
Linking C executable cmTC_804ba
/usr/bin/cmake -E cmake_link_script CMakeFiles/cmTC_804ba.dir/link.txt --verbose=1
/usr/bin/cc  -DCHECK_FUNCTION_EXISTS=pthread_create    -rdynamic CMakeFiles/cmTC_804ba.dir/CheckFunctionExists.c.o  -o cmTC_804ba -lpthreads 
/usr/bin/ld: cannot find -lpthreads
collect2: error: ld returned 1 exit status
CMakeFiles/cmTC_804ba.dir/build.make:97: recipe for target 'cmTC_804ba' failed
make[1]: *** [cmTC_804ba] Error 1
make[1]: Leaving directory '/home/sw/homo_geo/build/CMakeFiles/CMakeTmp'
Makefile:126: recipe for target 'cmTC_804ba/fast' failed
make: *** [cmTC_804ba/fast] Error 2


